[debug] [2019-06-01T10:42:44.317Z] ----------------------------------------------------------------------
[debug] [2019-06-01T10:42:44.359Z] Command:       F:\CODE\NODEJS\node.exe C:\Users\aryam\AppData\Roaming\npm\node_modules\firebase-tools\lib\bin\firebase.js serve
[debug] [2019-06-01T10:42:44.359Z] CLI Version:   6.10.0
[debug] [2019-06-01T10:42:44.360Z] Platform:      win32
[debug] [2019-06-01T10:42:44.360Z] Node Version:  v8.11.2
[debug] [2019-06-01T10:42:44.430Z] Time:          Sat Jun 01 2019 16:12:44 GMT+0530 (India Standard Time)
[debug] [2019-06-01T10:42:44.430Z] ----------------------------------------------------------------------
[debug] 
[debug] [2019-06-01T10:42:44.578Z] > command requires scopes: ["email","openid","https://www.googleapis.com/auth/cloudplatformprojects.readonly","https://www.googleapis.com/auth/firebase","https://www.googleapis.com/auth/cloud-platform"]
[debug] [2019-06-01T10:42:44.579Z] > authorizing via signed-in user
[debug] [2019-06-01T10:42:44.579Z] [iam] checking project tsh-hyd for permissions ["firebase.projects.get"]
[debug] [2019-06-01T10:42:44.583Z] > refreshing access token with scopes: ["email","https://www.googleapis.com/auth/cloud-platform","https://www.googleapis.com/auth/cloudplatformprojects.readonly","https://www.googleapis.com/auth/firebase","openid"]
[debug] [2019-06-01T10:42:44.584Z] >>> HTTP REQUEST POST https://www.googleapis.com/oauth2/v3/token  
 <request body omitted>
[debug] [2019-06-01T10:42:45.204Z] <<< HTTP RESPONSE 200
[debug] [2019-06-01T10:42:45.640Z] >>> HTTP REQUEST POST https://cloudresourcemanager.googleapis.com/v1/projects/tsh-hyd:testIamPermissions  

[debug] [2019-06-01T10:42:47.343Z] <<< HTTP RESPONSE 200
[debug] [2019-06-01T10:42:47.345Z] >>> HTTP REQUEST GET https://cloudresourcemanager.googleapis.com/v1/projects/tsh-hyd  
 
[debug] [2019-06-01T10:42:48.840Z] <<< HTTP RESPONSE 200
[info] 
[info] === Serving from 'F:\Code\Code Projects\Web\TSH'...
[info] 
[debug] [2019-06-01T10:42:48.884Z] >>> HTTP REQUEST GET https://mobilesdk-pa.googleapis.com/v1/projects/108521817815/clients/_:getWebAppConfig  
 
[debug] [2019-06-01T10:42:49.570Z] <<< HTTP RESPONSE 200
[info] i  hosting: Serving hosting files from: docs
[info] +  hosting: Local server: http://localhost:5000
